<?xml version="1.0" encoding="UTF-8"?>
<testsuite xmlns:xsi="http://www.w3.org/2001/XMLSchema-instance" xsi:noNamespaceSchemaLocation="https://maven.apache.org/surefire/maven-surefire-plugin/xsd/surefire-test-report-3.0.xsd" version="3.0" name="fr.ufc.l3info.oprog.TestBaseTicket" time="0.014" tests="32" errors="0" skipped="0" failures="0">
  <properties>
    <property name="awt.toolkit" value="sun.awt.X11.XToolkit"/>
    <property name="file.encoding.pkg" value="sun.io"/>
    <property name="java.specification.version" value="1.8"/>
    <property name="sun.cpu.isalist" value=""/>
    <property name="sun.jnu.encoding" value="UTF-8"/>
    <property name="java.class.path" value="/home/juliengauthier410/l3/s5/opp/tp/TP/Transportation/target/test-classes:/home/juliengauthier410/l3/s5/opp/tp/TP/Transportation/target/classes:/home/juliengauthier410/.m2/repository/junit/junit/4.12/junit-4.12.jar:/home/juliengauthier410/.m2/repository/org/hamcrest/hamcrest-core/1.3/hamcrest-core-1.3.jar:"/>
    <property name="java.vm.vendor" value="Amazon.com Inc."/>
    <property name="sun.arch.data.model" value="64"/>
    <property name="java.vendor.url" value="https://aws.amazon.com/corretto/"/>
    <property name="user.timezone" value=""/>
    <property name="java.vm.specification.version" value="1.8"/>
    <property name="os.name" value="Linux"/>
    <property name="user.country" value="US"/>
    <property name="sun.java.launcher" value="SUN_STANDARD"/>
    <property name="sun.boot.library.path" value="/home/juliengauthier410/.jdks/corretto-1.8.0_382/jre/lib/amd64"/>
    <property name="sun.java.command" value="/home/juliengauthier410/l3/s5/opp/tp/TP/Transportation/target/surefire/surefirebooter-20231017162100151_3.jar /home/juliengauthier410/l3/s5/opp/tp/TP/Transportation/target/surefire 2023-10-17T16-20-57_208-jvmRun1 surefire-20231017162100151_1tmp surefire_0-20231017162100151_2tmp"/>
    <property name="surefire.test.class.path" value="/home/juliengauthier410/l3/s5/opp/tp/TP/Transportation/target/test-classes:/home/juliengauthier410/l3/s5/opp/tp/TP/Transportation/target/classes:/home/juliengauthier410/.m2/repository/junit/junit/4.12/junit-4.12.jar:/home/juliengauthier410/.m2/repository/org/hamcrest/hamcrest-core/1.3/hamcrest-core-1.3.jar:"/>
    <property name="sun.cpu.endian" value="little"/>
    <property name="user.home" value="/home/juliengauthier410"/>
    <property name="user.language" value="en"/>
    <property name="java.specification.vendor" value="Oracle Corporation"/>
    <property name="java.home" value="/home/juliengauthier410/.jdks/corretto-1.8.0_382/jre"/>
    <property name="basedir" value="/home/juliengauthier410/l3/s5/opp/tp/TP/Transportation"/>
    <property name="file.separator" value="/"/>
    <property name="line.separator" value="&#10;"/>
    <property name="java.vm.specification.vendor" value="Oracle Corporation"/>
    <property name="java.specification.name" value="Java Platform API Specification"/>
    <property name="java.awt.graphicsenv" value="sun.awt.X11GraphicsEnvironment"/>
    <property name="surefire.real.class.path" value="/home/juliengauthier410/l3/s5/opp/tp/TP/Transportation/target/surefire/surefirebooter-20231017162100151_3.jar:/home/juliengauthier410/.m2/repository/org/jacoco/org.jacoco.agent/0.8.6/org.jacoco.agent-0.8.6-runtime.jar"/>
    <property name="sun.boot.class.path" value="/home/juliengauthier410/.jdks/corretto-1.8.0_382/jre/lib/resources.jar:/home/juliengauthier410/.jdks/corretto-1.8.0_382/jre/lib/rt.jar:/home/juliengauthier410/.jdks/corretto-1.8.0_382/jre/lib/sunrsasign.jar:/home/juliengauthier410/.jdks/corretto-1.8.0_382/jre/lib/jsse.jar:/home/juliengauthier410/.jdks/corretto-1.8.0_382/jre/lib/jce.jar:/home/juliengauthier410/.jdks/corretto-1.8.0_382/jre/lib/charsets.jar:/home/juliengauthier410/.jdks/corretto-1.8.0_382/jre/lib/jfr.jar:/home/juliengauthier410/.jdks/corretto-1.8.0_382/jre/classes"/>
    <property name="sun.management.compiler" value="HotSpot 64-Bit Tiered Compilers"/>
    <property name="java.runtime.version" value="1.8.0_382-b05"/>
    <property name="user.name" value="juliengauthier410"/>
    <property name="path.separator" value=":"/>
    <property name="os.version" value="5.15.124-20281-g306376f9e9db"/>
    <property name="java.endorsed.dirs" value="/home/juliengauthier410/.jdks/corretto-1.8.0_382/jre/lib/endorsed"/>
    <property name="java.runtime.name" value="OpenJDK Runtime Environment"/>
    <property name="file.encoding" value="UTF-8"/>
    <property name="java.vm.name" value="OpenJDK 64-Bit Server VM"/>
    <property name="localRepository" value="/home/juliengauthier410/.m2/repository"/>
    <property name="java.vendor.url.bug" value="https://github.com/corretto/corretto-8/issues/"/>
    <property name="java.io.tmpdir" value="/tmp"/>
    <property name="idea.version" value="2023.2.3"/>
    <property name="java.version" value="1.8.0_382"/>
    <property name="user.dir" value="/home/juliengauthier410/l3/s5/opp/tp/TP/Transportation"/>
    <property name="os.arch" value="amd64"/>
    <property name="java.vm.specification.name" value="Java Virtual Machine Specification"/>
    <property name="java.awt.printerjob" value="sun.print.PSPrinterJob"/>
    <property name="sun.os.patch.level" value="unknown"/>
    <property name="java.library.path" value="/usr/java/packages/lib/amd64:/usr/lib64:/lib64:/lib:/usr/lib"/>
    <property name="java.vm.info" value="mixed mode"/>
    <property name="java.vendor" value="Amazon.com Inc."/>
    <property name="java.vm.version" value="25.382-b05"/>
    <property name="java.specification.maintenance.version" value="5"/>
    <property name="java.ext.dirs" value="/home/juliengauthier410/.jdks/corretto-1.8.0_382/jre/lib/ext:/usr/java/packages/lib/ext"/>
    <property name="sun.io.unicode.encoding" value="UnicodeLittle"/>
    <property name="java.class.version" value="52.0"/>
  </properties>
  <testcase name="testAmountJustBelowZero" classname="fr.ufc.l3info.oprog.TestBaseTicket" time="0"/>
  <testcase name="testGetAmount_ADULT" classname="fr.ufc.l3info.oprog.TestBaseTicket" time="0"/>
  <testcase name="testGetAmount_CHILD" classname="fr.ufc.l3info.oprog.TestBaseTicket" time="0"/>
  <testcase name="testGetAmount_NO_AMOUNT" classname="fr.ufc.l3info.oprog.TestBaseTicket" time="0"/>
  <testcase name="testInvalidate_DONE" classname="fr.ufc.l3info.oprog.TestBaseTicket" time="0"/>
  <testcase name="testInvalidate_FAIL" classname="fr.ufc.l3info.oprog.TestBaseTicket" time="0"/>
  <testcase name="testEntering_EMPTY" classname="fr.ufc.l3info.oprog.TestBaseTicket" time="0"/>
  <testcase name="testEntering_TWICE" classname="fr.ufc.l3info.oprog.TestBaseTicket" time="0"/>
  <testcase name="testEntering_VALID" classname="fr.ufc.l3info.oprog.TestBaseTicket" time="0"/>
  <testcase name="testGetAmount_NEGATIVE" classname="fr.ufc.l3info.oprog.TestBaseTicket" time="0"/>
  <testcase name="testIsValid_TRUE" classname="fr.ufc.l3info.oprog.TestBaseTicket" time="0"/>
  <testcase name="testEntering_NULL" classname="fr.ufc.l3info.oprog.TestBaseTicket" time="0"/>
  <testcase name="testIsValidAfterEnteringAndInvalidate" classname="fr.ufc.l3info.oprog.TestBaseTicket" time="0"/>
  <testcase name="testIsValid_FALSE" classname="fr.ufc.l3info.oprog.TestBaseTicket" time="0"/>
  <testcase name="testIsChildAfterInvalidate_KO" classname="fr.ufc.l3info.oprog.TestBaseTicket" time="0"/>
  <testcase name="testInvalidateEnterInvalidateSequence" classname="fr.ufc.l3info.oprog.TestBaseTicket" time="0"/>
  <testcase name="testIsChild_FALSE" classname="fr.ufc.l3info.oprog.TestBaseTicket" time="0"/>
  <testcase name="testIsValidAfterEntering" classname="fr.ufc.l3info.oprog.TestBaseTicket" time="0"/>
  <testcase name="testGetAmountAfterEntering" classname="fr.ufc.l3info.oprog.TestBaseTicket" time="0"/>
  <testcase name="testEnteringAfterInvalidate" classname="fr.ufc.l3info.oprog.TestBaseTicket" time="0"/>
  <testcase name="testMultipleInvalidate" classname="fr.ufc.l3info.oprog.TestBaseTicket" time="0"/>
  <testcase name="testSwitchingStationsWithoutInvalidation" classname="fr.ufc.l3info.oprog.TestBaseTicket" time="0"/>
  <testcase name="testGetAmount_MAX_VALUE" classname="fr.ufc.l3info.oprog.TestBaseTicket" time="0"/>
  <testcase name="testEntering_LongName" classname="fr.ufc.l3info.oprog.TestBaseTicket" time="0"/>
  <testcase name="testGetEntryStation_INVALID" classname="fr.ufc.l3info.oprog.TestBaseTicket" time="0"/>
  <testcase name="testEnteringThenInvalidate" classname="fr.ufc.l3info.oprog.TestBaseTicket" time="0"/>
  <testcase name="testGetAmount_MIN_VALUE" classname="fr.ufc.l3info.oprog.TestBaseTicket" time="0"/>
  <testcase name="testIsChild_TRUE_KO" classname="fr.ufc.l3info.oprog.TestBaseTicket" time="0"/>
  <testcase name="testIsValid_JustCreated" classname="fr.ufc.l3info.oprog.TestBaseTicket" time="0"/>
  <testcase name="testAmountJustAboveZero" classname="fr.ufc.l3info.oprog.TestBaseTicket" time="0"/>
  <testcase name="testEntering_SpecialChars" classname="fr.ufc.l3info.oprog.TestBaseTicket" time="0"/>
  <testcase name="testGetEntryStation_VALID" classname="fr.ufc.l3info.oprog.TestBaseTicket" time="0"/>
</testsuite>